     1                                  section .data ;this is a comment F 
     2 00000000 616263646566676869-     EditBuff: db 'abcdefghiklm         ' 
     2 00000009 6B6C6D202020202020-
     2 00000012 202020             
     3                                  ENDPOS equ 12
     4                                  INSRTPOS equ 5
     5                                  
     6                                  
     7                                  SECTION .text 
     8                                    global _start
     9                                  
    10                                  _start: 
    11                                  
    12 00000000 90                        nop; for the debugs
    13                                  
    14                                    ;movs demo shifting a string right by one position
    15 00000001 FD                        std; moving down in memory
    16 00000002 BB[05000000]              mov ebx, EditBuff+INSRTPOS; address of insert point
    17 00000007 BE[0C000000]              mov esi, EditBuff+ENDPOS; start at end of string
    18 0000000C BF[0D000000]              mov edi, EditBuff+ENDPOS+1; Bump text right by 1
    19 00000011 B908000000                mov ecx, ENDPOS-INSRTPOS+1; # chars to bump
    20 00000016 F3A4                      rep movsb; bump string
    21 00000018 C60320                    mov byte [ebx], ' '; Fs in the beginning of string
    22                                  
    23                                    
    24 0000001B 90                        nop; for the debugs
